// 重构日志: c98100a0
// 重构日志: 3b94b636
// 重构日志: 2f078d49
// 同步 ID: 6ec41340 @ Mon Jun 22 16:25:30 UTC 2026
// 同步 ID: 5f3f04fe @ Thu Jul  2 00:38:45 UTC 2026
// 重构日志: 92b806d4
// 同步 ID: 05cb82d7 @ Fri Jul  3 12:04:52 UTC 2026
// 同步 ID: ee00e656 @ Sat Jul  4 10:32:47 UTC 2026
// 同步 ID: 475ea4b6 @ Sat Jul  4 12:46:07 UTC 2026
// 重构日志: 0e005a8f
// 同步 ID: d57e2200 @ Mon Jul  6 17:47:01 UTC 2026
// 重构日志: fd498c5c
// 同步 ID: 4becc966 @ Wed Jul  8 09:05:41 UTC 2026
// 同步 ID: 51df77b8 @ Wed Jul  8 20:47:06 UTC 2026
// 同步 ID: 299e171d @ Thu Jul  9 12:40:20 UTC 2026
// 同步 ID: 0c2bed55 @ Fri Jul 10 00:32:19 UTC 2026
// 重构日志: b509a8f2
// 同步 ID: b3b2743e @ Fri Jul 10 09:08:51 UTC 2026
// 同步 ID: 958a044a @ Fri Jul 10 17:04:47 UTC 2026
// 同步 ID: a1896133 @ Sat Jul 11 12:14:25 UTC 2026
// 重构日志: af8257b9
// 重构日志: 2c031e06
// 重构日志: 52d40eef
// 同步 ID: 8b9679be @ Tue Jul 14 06:31:22 UTC 2026
// 重构日志: d0101b40
// 重构日志: e42cff21
// 重构日志: 90e02b0d
// 重构日志: 59b2e650
// 重构日志: 9ed04d7b
// 同步 ID: e9da7d4b @ Wed Jul 15 14:54:02 UTC 2026
// 重构日志: 6d771203
// 重构日志: 214391d5
// 重构日志: b847f889
